INFO - 2023-08-28 04:37:45 --> Session: Class initialized using 'CodeIgniter\Session\Handlers\FileHandler' driver.
INFO - 2023-08-28 04:37:50 --> Session: Class initialized using 'CodeIgniter\Session\Handlers\FileHandler' driver.
INFO - 2023-08-28 04:38:27 --> Session: Class initialized using 'CodeIgniter\Session\Handlers\FileHandler' driver.
INFO - 2023-08-28 04:38:51 --> Session: Class initialized using 'CodeIgniter\Session\Handlers\FileHandler' driver.
INFO - 2023-08-28 04:38:51 --> Session: Class initialized using 'CodeIgniter\Session\Handlers\FileHandler' driver.
INFO - 2023-08-28 04:39:04 --> Session: Class initialized using 'CodeIgniter\Session\Handlers\FileHandler' driver.
INFO - 2023-08-28 04:39:04 --> Session: Class initialized using 'CodeIgniter\Session\Handlers\FileHandler' driver.
INFO - 2023-08-28 04:39:17 --> Session: Class initialized using 'CodeIgniter\Session\Handlers\FileHandler' driver.
INFO - 2023-08-28 04:39:20 --> Session: Class initialized using 'CodeIgniter\Session\Handlers\FileHandler' driver.
INFO - 2023-08-28 04:39:25 --> Session: Class initialized using 'CodeIgniter\Session\Handlers\FileHandler' driver.
INFO - 2023-08-28 04:39:30 --> Session: Class initialized using 'CodeIgniter\Session\Handlers\FileHandler' driver.
INFO - 2023-08-28 04:39:46 --> Session: Class initialized using 'CodeIgniter\Session\Handlers\FileHandler' driver.
INFO - 2023-08-28 04:39:46 --> Session: Class initialized using 'CodeIgniter\Session\Handlers\FileHandler' driver.
INFO - 2023-08-28 04:39:53 --> Session: Class initialized using 'CodeIgniter\Session\Handlers\FileHandler' driver.
INFO - 2023-08-28 04:39:53 --> Session: Class initialized using 'CodeIgniter\Session\Handlers\FileHandler' driver.
INFO - 2023-08-28 08:13:41 --> Session: Class initialized using 'CodeIgniter\Session\Handlers\FileHandler' driver.
INFO - 2023-08-28 08:13:46 --> Session: Class initialized using 'CodeIgniter\Session\Handlers\FileHandler' driver.
ERROR - 2023-08-28 08:13:50 --> Error connecting to the database: mysqli_sql_exception: No connection could be made because the target machine actively refused it in D:\aplikasi\inventory\system\Database\MySQLi\Connection.php:174
Stack trace:
#0 D:\aplikasi\inventory\system\Database\MySQLi\Connection.php(174): mysqli->real_connect('localhost', 'root', '', 'inventory', 3306, '', 0)
#1 D:\aplikasi\inventory\system\Database\BaseConnection.php(391): CodeIgniter\Database\MySQLi\Connection->connect(false)
#2 D:\aplikasi\inventory\system\Database\BaseConnection.php(574): CodeIgniter\Database\BaseConnection->initialize()
#3 D:\aplikasi\inventory\system\Database\BaseBuilder.php(1700): CodeIgniter\Database\BaseConnection->query('SELECT COUNT(*)...', Array, false)
#4 D:\aplikasi\inventory\system\Model.php(599): CodeIgniter\Database\BaseBuilder->countAllResults(false)
#5 D:\aplikasi\inventory\system\BaseModel.php(1203): CodeIgniter\Model->countAllResults(false)
#6 D:\aplikasi\inventory\app\Models\BarangModel.php(51): CodeIgniter\BaseModel->paginate(7, 'barang')
#7 D:\aplikasi\inventory\app\Controllers\Barang.php(22): App\Models\BarangModel->getBarangPaginated(7)
#8 D:\aplikasi\inventory\system\CodeIgniter.php(932): App\Controllers\Barang->index()
#9 D:\aplikasi\inventory\system\CodeIgniter.php(497): CodeIgniter\CodeIgniter->runController(Object(App\Controllers\Barang))
#10 D:\aplikasi\inventory\system\CodeIgniter.php(366): CodeIgniter\CodeIgniter->handleRequest(NULL, Object(Config\Cache), false)
#11 D:\aplikasi\inventory\public\index.php(67): CodeIgniter\CodeIgniter->run()
#12 D:\aplikasi\inventory\system\Commands\Server\rewrite.php(47): require_once('D:\\aplikasi\\inv...')
#13 {main}

Next CodeIgniter\Database\Exceptions\DatabaseException: No connection could be made because the target machine actively refused it in D:\aplikasi\inventory\system\Database\MySQLi\Connection.php:218
Stack trace:
#0 D:\aplikasi\inventory\system\Database\BaseConnection.php(391): CodeIgniter\Database\MySQLi\Connection->connect(false)
#1 D:\aplikasi\inventory\system\Database\BaseConnection.php(574): CodeIgniter\Database\BaseConnection->initialize()
#2 D:\aplikasi\inventory\system\Database\BaseBuilder.php(1700): CodeIgniter\Database\BaseConnection->query('SELECT COUNT(*)...', Array, false)
#3 D:\aplikasi\inventory\system\Model.php(599): CodeIgniter\Database\BaseBuilder->countAllResults(false)
#4 D:\aplikasi\inventory\system\BaseModel.php(1203): CodeIgniter\Model->countAllResults(false)
#5 D:\aplikasi\inventory\app\Models\BarangModel.php(51): CodeIgniter\BaseModel->paginate(7, 'barang')
#6 D:\aplikasi\inventory\app\Controllers\Barang.php(22): App\Models\BarangModel->getBarangPaginated(7)
#7 D:\aplikasi\inventory\system\CodeIgniter.php(932): App\Controllers\Barang->index()
#8 D:\aplikasi\inventory\system\CodeIgniter.php(497): CodeIgniter\CodeIgniter->runController(Object(App\Controllers\Barang))
#9 D:\aplikasi\inventory\system\CodeIgniter.php(366): CodeIgniter\CodeIgniter->handleRequest(NULL, Object(Config\Cache), false)
#10 D:\aplikasi\inventory\public\index.php(67): CodeIgniter\CodeIgniter->run()
#11 D:\aplikasi\inventory\system\Commands\Server\rewrite.php(47): require_once('D:\\aplikasi\\inv...')
#12 {main}
CRITICAL - 2023-08-28 08:13:50 --> Unable to connect to the database.
Main connection [MySQLi]: No connection could be made because the target machine actively refused it
in SYSTEMPATH\Database\BaseConnection.php on line 427.
 1 SYSTEMPATH\Database\BaseConnection.php(574): CodeIgniter\Database\BaseConnection->initialize()
 2 SYSTEMPATH\Database\BaseBuilder.php(1700): CodeIgniter\Database\BaseConnection->query('SELECT COUNT(*) AS `numrows`
FROM `barang`
JOIN `jenis_barang` ON `jenis_barang`.`id_jenis_barang`=`barang`.`jenis_barang_id`
JOIN `cabang` ON `cabang`.`id_cabang`=`barang`.`cabang_id`', [], false)
 3 SYSTEMPATH\Model.php(599): CodeIgniter\Database\BaseBuilder->countAllResults(false)
 4 SYSTEMPATH\BaseModel.php(1203): CodeIgniter\Model->countAllResults(false)
 5 APPPATH\Models\BarangModel.php(51): CodeIgniter\BaseModel->paginate(7, 'barang')
 6 APPPATH\Controllers\Barang.php(22): App\Models\BarangModel->getBarangPaginated(7)
 7 SYSTEMPATH\CodeIgniter.php(932): App\Controllers\Barang->index()
 8 SYSTEMPATH\CodeIgniter.php(497): CodeIgniter\CodeIgniter->runController(Object(App\Controllers\Barang))
 9 SYSTEMPATH\CodeIgniter.php(366): CodeIgniter\CodeIgniter->handleRequest(null, Object(Config\Cache), false)
10 FCPATH\index.php(67): CodeIgniter\CodeIgniter->run()
11 SYSTEMPATH\Commands\Server\rewrite.php(47): require_once('D:\\aplikasi\\inventory\\public\\index.php')
INFO - 2023-08-28 08:14:44 --> Session: Class initialized using 'CodeIgniter\Session\Handlers\FileHandler' driver.
